#
# There is insufficient memory for the Java Runtime Environment to continue.
# Native memory allocation (malloc) failed to allocate 1048576 bytes for AllocateHeap
# Possible reasons:
#   The system is out of physical RAM or swap space
#   In 32 bit mode, the process size limit was hit
# Possible solutions:
#   Reduce memory load on the system
#   Increase physical memory or swap space
#   Check if swap backing store is full
#   Use 64 bit Java on a 64 bit OS
#   Decrease Java heap size (-Xmx/-Xms)
#   Decrease number of Java threads
#   Decrease Java thread stack sizes (-Xss)
#   Set larger code cache with -XX:ReservedCodeCacheSize=
# This output file may be truncated or incomplete.
#
#  Out of Memory Error (memory/allocation.inline.hpp:61), pid=18884, tid=0x0000000000003d64
#
# JRE version:  (8.0) (build )
# Java VM: OpenJDK 64-Bit Server VM (25.71-b00 mixed mode windows-amd64 compressed oops)
# Failed to write core dump. Minidumps are not enabled by default on client versions of Windows
#

---------------  T H R E A D  ---------------

Current thread (0x0000000002db2800):  JavaThread "Unknown thread" [_thread_in_vm, id=15716, stack(0x0000000002cb0000,0x0000000002db0000)]

Stack: [0x0000000002cb0000,0x0000000002db0000]
[error occurred during error reporting (printing stack bounds), id 0xc0000005]

Native frames: (J=compiled Java code, j=interpreted, Vv=VM code, C=native code)


---------------  P R O C E S S  ---------------

Java Threads: ( => current thread )

Other Threads:

=>0x0000000002db2800 (exited) JavaThread "Unknown thread" [_thread_in_vm, id=15716, stack(0x0000000002cb0000,0x0000000002db0000)]

VM state:not at safepoint (normal execution)

VM Mutex/Monitor currently owned by a thread: None

Heap:
 PSYoungGen      total 28672K, used 491K [0x00000000e0500000, 0x00000000e2500000, 0x0000000100000000)
  eden space 24576K, 2% used [0x00000000e0500000,0x00000000e057ae20,0x00000000e1d00000)
  from space 4096K, 0% used [0x00000000e2100000,0x00000000e2100000,0x00000000e2500000)
  to   space 4096K, 0% used [0x00000000e1d00000,0x00000000e1d00000,0x00000000e2100000)
 ParOldGen       total 65536K, used 0K [0x00000000a0e00000, 0x00000000a4e00000, 0x00000000e0500000)
  object space 65536K, 0% used [0x00000000a0e00000,0x00000000a0e00000,0x00000000a4e00000)
 Metaspace       used 777K, capacity 4480K, committed 4480K, reserved 1056768K
  class space    used 74K, capacity 384K, committed 384K, reserved 1048576K

Card table byte_map: [0x0000000012270000,0x0000000012570000] byte_map_base: 0x0000000011d69000

Marking Bits: (ParMarkBitMap*) 0x000000005b32be50
 Begin Bits: [0x0000000012f70000, 0x0000000014738000)
 End Bits:   [0x0000000014738000, 0x0000000015f00000)

Polling page: 0x0000000000e40000

CodeCache: size=245760Kb used=327Kb max_used=327Kb free=245432Kb
 bounds [0x0000000002eb0000, 0x0000000003120000, 0x0000000011eb0000]
 total_blobs=56 nmethods=0 adapters=38
 compilation: enabled

Compilation events (0 events):
No events

GC Heap History (0 events):
No events

Deoptimization events (0 events):
No events

Classes redefined (0 events):
No events

Internal exceptions (0 events):
No events

Events (10 events):
Event: 0.239 loading class java/lang/Short
Event: 0.239 loading class java/lang/Short done
Event: 0.239 loading class java/lang/Integer
Event: 0.240 loading class java/lang/Integer done
Event: 0.240 loading class java/lang/Long
Event: 0.240 loading class java/lang/Long done
Event: 0.242 loading class java/lang/NullPointerException
Event: 0.242 loading class java/lang/NullPointerException done
Event: 0.242 loading class java/lang/ArithmeticException
Event: 0.242 loading class java/lang/ArithmeticException done


Dynamic libraries:
0x00007ff6b7220000 - 0x00007ff6b7255000 	D:\Unity Editor\2021.3.10f1\Editor\Data\PlaybackEngines\AndroidPlayer\OpenJDK\bin\java.exe
0x00007ffbd7820000 - 0x00007ffbd7a29000 	C:\Windows\SYSTEM32\ntdll.dll
0x00007ffbd6c80000 - 0x00007ffbd6d3e000 	C:\Windows\System32\KERNEL32.DLL
0x00007ffbd5040000 - 0x00007ffbd53bb000 	C:\Windows\System32\KERNELBASE.dll
0x00007ffbd6f80000 - 0x00007ffbd702e000 	C:\Windows\System32\ADVAPI32.dll
0x00007ffbd6960000 - 0x00007ffbd6a03000 	C:\Windows\System32\msvcrt.dll
0x00007ffbd7030000 - 0x00007ffbd70ce000 	C:\Windows\System32\sechost.dll
0x00007ffbd5ee0000 - 0x00007ffbd6000000 	C:\Windows\System32\RPCRT4.dll
0x00007ffbd70d0000 - 0x00007ffbd727d000 	C:\Windows\System32\USER32.dll
0x00007ffbd4d60000 - 0x00007ffbd4d86000 	C:\Windows\System32\win32u.dll
0x00007ffbd6560000 - 0x00007ffbd6589000 	C:\Windows\System32\GDI32.dll
0x00007ffbd5460000 - 0x00007ffbd5578000 	C:\Windows\System32\gdi32full.dll
0x00007ffbd53c0000 - 0x00007ffbd545d000 	C:\Windows\System32\msvcp_win.dll
0x00007ffbd5580000 - 0x00007ffbd5691000 	C:\Windows\System32\ucrtbase.dll
0x00007ffbbef10000 - 0x00007ffbbf1b5000 	C:\Windows\WinSxS\amd64_microsoft.windows.common-controls_6595b64144ccf1df_6.0.22000.120_none_9d947278b86cc467\COMCTL32.dll
0x00007ffbd6c40000 - 0x00007ffbd6c72000 	C:\Windows\System32\IMM32.DLL
0x000000005b3b0000 - 0x000000005b482000 	D:\Unity Editor\2021.3.10f1\Editor\Data\PlaybackEngines\AndroidPlayer\OpenJDK\jre\bin\msvcr100.dll
0x000000005ab60000 - 0x000000005b3a9000 	D:\Unity Editor\2021.3.10f1\Editor\Data\PlaybackEngines\AndroidPlayer\OpenJDK\jre\bin\server\jvm.dll
0x00007ffbd6f10000 - 0x00007ffbd6f18000 	C:\Windows\System32\PSAPI.DLL
0x00007ffbb8d50000 - 0x00007ffbb8d59000 	C:\Windows\SYSTEM32\WSOCK32.dll
0x00007ffbcbc10000 - 0x00007ffbcbc1a000 	C:\Windows\SYSTEM32\VERSION.dll
0x00007ffbd5e70000 - 0x00007ffbd5edf000 	C:\Windows\System32\WS2_32.dll
0x00007ffbce5a0000 - 0x00007ffbce5d3000 	C:\Windows\SYSTEM32\WINMM.dll
0x00007ffbd2230000 - 0x00007ffbd223f000 	D:\Unity Editor\2021.3.10f1\Editor\Data\PlaybackEngines\AndroidPlayer\OpenJDK\jre\bin\verify.dll
0x00007ffbc7350000 - 0x00007ffbc7379000 	D:\Unity Editor\2021.3.10f1\Editor\Data\PlaybackEngines\AndroidPlayer\OpenJDK\jre\bin\java.dll
0x00007ffbce720000 - 0x00007ffbce736000 	D:\Unity Editor\2021.3.10f1\Editor\Data\PlaybackEngines\AndroidPlayer\OpenJDK\jre\bin\zip.dll

VM Arguments:
jvm_args: -Dfile.encoding=UTF-8 
java_command: <unknown>
java_class_path (initial): .
Launcher Type: SUN_STANDARD

Environment Variables:
JAVA_TOOL_OPTIONS=-Dfile.encoding=UTF-8
PATH=C:\Program Files\Common Files\Oracle\Java\javapath;D:\MPI\Bin\;C:\Windows\system32;C:\Windows;C:\Windows\System32\Wbem;C:\Windows\System32\WindowsPowerShell\v1.0\;C:\Windows\System32\OpenSSH\;C:\Program Files\Microsoft SQL Server\Client SDK\ODBC\170\Tools\Binn\;C:\Program Files\dotnet\;C:\Program Files (x86)\NVIDIA Corporation\PhysX\Common;C:\Program Files\Git\cmd;C:\Program Files\Microsoft SQL Server\150\Tools\Binn\;C:\Users\user\AppData\Local\Microsoft\WindowsApps;D:\PyCharm Community Edition 2022.2.1\bin;C:\Users\user\.dotnet\tools;C:\Program Files\Azure Data Studio\bin;C:\Program Files\Java\jdk-19\bin;C:\Users\user\AppData\Local\JetBrains\Toolbox\scripts;
USERNAME=user
OS=Windows_NT
PROCESSOR_IDENTIFIER=AMD64 Family 23 Model 24 Stepping 1, AuthenticAMD



---------------  S Y S T E M  ---------------

OS: Windows 10.0 , 64 bit Build 22000 (10.0.22000.1335)

CPU:total 8 (initial active 8) (8 cores per cpu, 1 threads per core) family 23 model 24 stepping 1, cmov, cx8, fxsr, mmx, sse, sse2, sse3, ssse3, sse4.1, sse4.2, popcnt, avx, avx2, aes, clmul, mmxext, 3dnowpref, lzcnt, sse4a, tsc, tscinvbit, tscinv, bmi1

Memory: 4k page, physical 6228620k(740036k free), swap 11983500k(5660k free)

vm_info: OpenJDK 64-Bit Server VM (25.71-b00) for windows-amd64 JRE (1.8.0-adoptopenjdk-_2018_05_19_00_59-b00), built on May 19 2018 01:02:12 by "jenkins" with MS VC++ 10.0 (VS2010)

time: Thu Jun 15 01:32:54 2023
elapsed time: 0 seconds (0d 0h 0m 0s)

